d:\visual studio 2017_code\project4\project4\debug\vc141.pdb
d:\visual studio 2017_code\project4\project4\debug\vc141.idb
d:\visual studio 2017_code\project4\project4\debug\gluttonous snake.obj
d:\visual studio 2017_code\project4\project4\debug\gotoxy.obj
d:\visual studio 2017_code\project4\project4\debug\printmap.obj
d:\visual studio 2017_code\project4\project4\debug\printsundry.obj
d:\visual studio 2017_code\project4\project4\debug\info.obj
d:\visual studio 2017_code\project4\project4\debug\printsnake.obj
d:\visual studio 2017_code\project4\project4\debug\showfood.obj
d:\visual studio 2017_code\project4\project4\debug\islive.obj
d:\visual studio 2017_code\project4\debug\project4.exe
d:\visual studio 2017_code\project4\debug\project4.ilk
d:\visual studio 2017_code\project4\debug\project4.pdb
d:\visual studio 2017_code\project4\project4\debug\源.obj
d:\visual studio 2017_code\project4\project4\debug\project4.tlog\cl.command.1.tlog
d:\visual studio 2017_code\project4\project4\debug\project4.tlog\cl.read.1.tlog
d:\visual studio 2017_code\project4\project4\debug\project4.tlog\cl.write.1.tlog
d:\visual studio 2017_code\project4\project4\debug\project4.tlog\link.command.1.tlog
d:\visual studio 2017_code\project4\project4\debug\project4.tlog\link.read.1.tlog
d:\visual studio 2017_code\project4\project4\debug\project4.tlog\link.write.1.tlog
